<?xml version="1.0" encoding="UTF-8" ?>
<testsuite tests="3" failures="0" name="ar.com.hexacta.tpl.model.LibraryTest" time="0.365" errors="0" skipped="0">
  <properties>
[...]
</properties>
  <testcase classname="ar.com.hexacta.tpl.model.LibraryTest" name="loanBookToUser" time="0.099"/>
  <testcase classname="ar.com.hexacta.tpl.model.LibraryTest" name="noLoanBookToUserBecauseMaximounUserLoans" time="0"/>
  <testcase classname="ar.com.hexacta.tpl.model.LibraryTest" name="noLoanBookToUserNoCopiesAvailable" time="0.001"/>
</testsuite>