+ Error stacktraces are turned on.
Apache Maven 2.2.1 (r801777; 2009-08-06 16:16:01-0300)
Java version: 1.6.0_31
Java home: c:\Program Files (x86)\Java\jdk1.6.0_31\jre
Default locale: es_AR, platform encoding: Cp1252
OS name: "windows 7" version: "6.1" arch: "x86" Family: "windows"
[DEBUG] Building Maven user-level plugin registry from: 'C:\Users\lnapoli\.m2\plugin-registry.xml'
[DEBUG] Building Maven global-level plugin registry from: 'c:\Users\lnapoli\apache-maven-2.2.1\conf\plugin-registry.xml'
[INFO] Scanning for projects...
[INFO] ------------------------------------------------------------------------
[ERROR] BUILD FAILURE
[INFO] ------------------------------------------------------------------------
[INFO] Invalid task 'run.txt': you must specify a valid lifecycle phase, or a goal in the format plugin:goal or pluginGroupId:pluginArtifactId:pluginVersion:goal
[INFO] ------------------------------------------------------------------------
[DEBUG] Trace
org.apache.maven.BuildFailureException: Invalid task 'run.txt': you must specify a valid lifecycle phase, or a goal in the format plugin:goal or pluginGroupId:pluginArtifactId:pluginVersion:goal
	at org.apache.maven.lifecycle.DefaultLifecycleExecutor.getMojoDescriptor(DefaultLifecycleExecutor.java:1830)
	at org.apache.maven.lifecycle.DefaultLifecycleExecutor.segmentTaskListByAggregationNeeds(DefaultLifecycleExecutor.java:462)
	at org.apache.maven.lifecycle.DefaultLifecycleExecutor.execute(DefaultLifecycleExecutor.java:175)
	at org.apache.maven.DefaultMaven.doExecute(DefaultMaven.java:328)
	at org.apache.maven.DefaultMaven.execute(DefaultMaven.java:138)
	at org.apache.maven.cli.MavenCli.main(MavenCli.java:362)
	at org.apache.maven.cli.compat.CompatibleMain.main(CompatibleMain.java:60)
	at sun.reflect.NativeMethodAccessorImpl.invoke0(Native Method)
	at sun.reflect.NativeMethodAccessorImpl.invoke(NativeMethodAccessorImpl.java:39)
	at sun.reflect.DelegatingMethodAccessorImpl.invoke(DelegatingMethodAccessorImpl.java:25)
	at java.lang.reflect.Method.invoke(Method.java:597)
	at org.codehaus.classworlds.Launcher.launchEnhanced(Launcher.java:315)
	at org.codehaus.classworlds.Launcher.launch(Launcher.java:255)
	at org.codehaus.classworlds.Launcher.mainWithExitCode(Launcher.java:430)
	at org.codehaus.classworlds.Launcher.main(Launcher.java:375)
[INFO] ------------------------------------------------------------------------
[INFO] Total time: < 1 second
[INFO] Finished at: Wed Jul 23 14:49:17 GMT-03:00 2014
[INFO] Final Memory: 1M/15M
[INFO] ------------------------------------------------------------------------
